<?xml version="1.0" encoding="UTF-8"?>
<!-- Generated by org.testng.reporters.JUnitReportReporter -->
<testsuite hostname="INHYTZPC04488" name="automationBed_Google.GV.i18nScreens" tests="4" failures="0" timestamp="3 Jan 2019 13:10:30 GMT" time="41.851" errors="0">
  <testcase name="Googletesting" time="0.016" classname="automationBed_Google.GV.i18nScreens"/>
  <testcase name="Googletesting" time="0.031" classname="automationBed_Google.GV.i18nScreens"/>
  <testcase name="Googletesting" time="0.031" classname="automationBed_Google.GV.i18nScreens"/>
  <testcase name="Googletesting" time="41.773" classname="automationBed_Google.GV.i18nScreens"/>
</testsuite> <!-- automationBed_Google.GV.i18nScreens -->
