<?xml version="1.0" encoding="UTF-8"?>
<!-- Generated by org.testng.reporters.JUnitReportReporter -->
<testsuite hostname="INHYTZPC04488" name="automationBed_Google.GV.RefundRequestPerCall" tests="2" failures="0" timestamp="3 Jan 2019 13:10:30 GMT" time="0.047" errors="0">
  <testcase name="Googletesting" time="0.015" classname="automationBed_Google.GV.RefundRequestPerCall"/>
  <testcase name="Googletesting" time="0.032" classname="automationBed_Google.GV.RefundRequestPerCall"/>
</testsuite> <!-- automationBed_Google.GV.RefundRequestPerCall -->
