<?xml version="1.0" encoding="UTF-8"?>
<!-- Generated by org.testng.reporters.JUnitReportReporter -->
<testsuite hostname="INHYTZPC04488" name="automationBed_Google.GV.InlineClick2Call" tests="2" failures="0" timestamp="3 Jan 2019 13:10:30 GMT" time="0.046" errors="0">
  <testcase name="Googletesting" time="0.015" classname="automationBed_Google.GV.InlineClick2Call"/>
  <testcase name="Googletesting" time="0.031" classname="automationBed_Google.GV.InlineClick2Call"/>
</testsuite> <!-- automationBed_Google.GV.InlineClick2Call -->
